<!DOCTYPE html PUBLIC "-//W3C//DTD XHTML 1.1//EN" "http://www.w3.org/TR/xhtml11/DTD/xhtml11.dtd">
<html xmlns="http://www.w3.org/1999/xhtml">
<head>
<meta charset='utf-8'>
<title>TestNG Report</title>
<style type="text/css">
table {margin-bottom:10px;border-collapse:collapse;empty-cells:show}
td,th {border:1px solid #009;padding:.25em .5em}
.result th {vertical-align:bottom}
.param th {padding-left:1em;padding-right:1em}
.param td {padding-left:.5em;padding-right:2em}
.stripe td,.stripe th {background-color: #E6EBF9}
.numi,.numi_attn {text-align:right}
.total td {font-weight:bold}
.passedodd td {background-color: #0A0}
.passedeven td {background-color: #3F3}
.skippedodd td {background-color: #CCC}
.skippedodd td {background-color: #DDD}
.failedodd td,.numi_attn {background-color: #F33}
.failedeven td,.stripe .numi_attn {background-color: #D00}
.stacktrace {white-space:pre;font-family:monospace}
.totop {font-size:85%;text-align:center;border-bottom:2px solid #000}
</style>
</head>
<body>
<table cellspacing="0" cellpadding="0" class="testOverview">
<tr><th>Test</th><th>Methods<br/>Passed</th><th>Scenarios<br/>Passed</th><th># skipped</th><th># failed</th><th>Total<br/>Time</th><th>Included<br/>Groups</th><th>Excluded<br/>Groups</th></tr>
<tr><td style="text-align:left;padding-right:2em"><a href="#t1">APPomMavenProject</a></td><td class="numi">5</td><td class="numi">5</td><td class="numi_attn">1</td><td class="numi">0</td><td class="numi">677.0 seconds</td><td class="numi"></td><td class="numi"></td></tr>
</table>
<table cellspacing="0" cellpadding="0" class="methodOverview" id="summary">
<tr><th>Class</th><th>Method</th><th># of<br/>Scenarios</th><th>Start</th><th>Time<br/>(ms)</th></tr>
<tr id="t1"><th colspan="5">APPomMavenProject &#8212; failed (configuration methods)</th></tr>
<tr class="failedodd"><td rowspan="4">com.Testcases.Testcase_001</td><td><a href="#m1"><b>BrowserSetUp</b>  </a></td><td class="numi">1</td><td>1582307093615</td><td class="numi">52898</td></tr><tr class="failedodd"><td><a href="#m2"><b>BrowserSetUp</b>  </a></td><td class="numi">1</td><td>1582307093615</td><td class="numi">52898</td></tr><tr class="failedodd"><td><a href="#m3"><b>BrowserSetUp</b>  </a></td><td class="numi">1</td><td>1582307093615</td><td class="numi">52898</td></tr><tr class="failedodd"><td><a href="#m4"><b>BrowserSetUp</b>  </a></td><td class="numi">1</td><td>1582307093615</td><td class="numi">52898</td></tr>
<tr><th colspan="5">APPomMavenProject &#8212; skipped (configuration methods)</th></tr>
<tr class="skippedodd"><td rowspan="3">com.Testcases.Testcase_001</td><td><a href="#m5"><b>teardown</b>  </a></td><td class="numi">1</td><td>1582307173690</td><td class="numi">0</td></tr><tr class="skippedodd"><td><a href="#m6"><b>teardown</b>  </a></td><td class="numi">1</td><td>1582307173690</td><td class="numi">0</td></tr><tr class="skippedodd"><td><a href="#m7"><b>teardown</b>  </a></td><td class="numi">1</td><td>1582307173690</td><td class="numi">0</td></tr>
<tr><th colspan="5">APPomMavenProject &#8212; skipped</th></tr>
<tr class="skippedodd"><td>com.Testcases.Testcase_001</td><td><a href="#m8"><b>title</b> (some) </a></td><td class="numi">1</td><td>1582307173689</td><td class="numi">0</td></tr>
<tr><th colspan="5">APPomMavenProject &#8212; passed</th></tr>
<tr class="passedodd"><td rowspan="2">com.Testcases.Testcase_001</td><td><a href="#m9"><b>Contactus</b> (more) </a></td><td class="numi">1</td><td>1582306697434</td><td class="numi">48099</td></tr><tr class="passedodd"><td><a href="#m10"><b>pintlogo</b> (more) </a></td><td class="numi">1</td><td>1582306884965</td><td class="numi">8355</td></tr>
<tr class="passedeven"><td>com.Testcases.Testcase_003</td><td><a href="#m11"><b>SelectDress</b>  </a></td><td class="numi">1</td><td>1582306900417</td><td class="numi">32398</td></tr>
<tr class="passedodd"><td>com.Testcases.Testcase_001</td><td><a href="#m12"><b>scrolldownpage</b> (some) </a></td><td class="numi">1</td><td>1582307036219</td><td class="numi">55016</td></tr>
<tr class="passedeven"><td>com.Testcases.Testcase_003</td><td><a href="#m13"><b>SelectTshirtSize</b>  </a></td><td class="numi">1</td><td>1582307038211</td><td class="numi">23504</td></tr>
</table>
<h1>APPomMavenProject</h1>
<h2 id="m1">com.Testcases.Testcase_001:BrowserSetUp</h2>
<div>
<div class="stacktrace">org.openqa.selenium.SessionNotCreatedException: session not created
from disconnected: received Inspector.detached event
  (Session info: chrome=79.0.3945.130)
Build info: version: &apos;3.14.0&apos;, revision: &apos;aacccce0&apos;, time: &apos;2018-08-02T20:19:58.91Z&apos;
System info: host: &apos;KAVITHA&apos;, ip: &apos;192.168.223.1&apos;, os.name: &apos;Windows 10&apos;, os.arch: &apos;amd64&apos;, os.version: &apos;10.0&apos;, java.version: &apos;1.8.0_161&apos;
Driver info: driver.version: ChromeDriver
remote stacktrace: Backtrace:
	Ordinal0 [0x0108A113+1548563]
	Ordinal0 [0x0100DDA1+1039777]
	Ordinal0 [0x00F8E485+517253]
	Ordinal0 [0x00F870CB+487627]
	Ordinal0 [0x00F86CE9+486633]
	Ordinal0 [0x00F865E8+484840]
	Ordinal0 [0x00F85D33+482611]
	Ordinal0 [0x00F85E75+482933]
	Ordinal0 [0x00F859B5+481717]
	Ordinal0 [0x00F8D1E5+512485]
	Ordinal0 [0x00F85968+481640]
	Ordinal0 [0x00F8628B+483979]
	Ordinal0 [0x00F85D33+482611]
	Ordinal0 [0x00F85E75+482933]
	Ordinal0 [0x00F859B5+481717]
	Ordinal0 [0x00F8BB0E+506638]
	Ordinal0 [0x00F85968+481640]
	Ordinal0 [0x00F8628B+483979]
	Ordinal0 [0x00F85D33+482611]
	Ordinal0 [0x00F85E75+482933]
	Ordinal0 [0x00F859B5+481717]
	Ordinal0 [0x00F8A37C+500604]
	Ordinal0 [0x00F85968+481640]
	Ordinal0 [0x00F8628B+483979]
	Ordinal0 [0x00F85D33+482611]
	Ordinal0 [0x00F85E75+482933]
	Ordinal0 [0x00F859B5+481717]
	Ordinal0 [0x00F89A17+498199]
	Ordinal0 [0x00F85968+481640]
	Ordinal0 [0x00F8628B+483979]
	Ordinal0 [0x00F85D33+482611]
	Ordinal0 [0x00F85E75+482933]
	Ordinal0 [0x00F859B5+481717]
	Ordinal0 [0x00F8256C+468332]
	Ordinal0 [0x00F85968+481640]
	Ordinal0 [0x00F85844+481348]
	Ordinal0 [0x00F8F0D0+520400]
	Ordinal0 [0x00F3C030+180272]
	Ordinal0 [0x00F3B59D+177565]
	Ordinal0 [0x00F395FB+169467]
	Ordinal0 [0x00F2160A+71178]
	Ordinal0 [0x00F22690+75408]
	Ordinal0 [0x00F22629+75305]
	Ordinal0 [0x010271B7+1143223]
	GetHandleVerifier [0x01122B46+507814]
	GetHandleVerifier [0x01122864+507076]
	GetHandleVerifier [0x01129F47+537511]
	GetHandleVerifier [0x01123402+510050]
	Ordinal0 [0x0101F29C+1110684]
	Ordinal0 [0x0102938B+1151883]
	Ordinal0 [0x010294F3+1152243]
	Ordinal0 [0x010283F5+1147893]
	BaseThreadInitThunk [0x74A86359+25]
	RtlGetAppContainerNamedObjectPath [0x77287B74+228]
	RtlGetAppContainerNamedObjectPath [0x77287B44+180]

	at sun.reflect.NativeConstructorAccessorImpl.newInstance0(Native Method)
	at sun.reflect.NativeConstructorAccessorImpl.newInstance(NativeConstructorAccessorImpl.java:62)
	at sun.reflect.DelegatingConstructorAccessorImpl.newInstance(DelegatingConstructorAccessorImpl.java:45)
	at java.lang.reflect.Constructor.newInstance(Constructor.java:423)
	at org.openqa.selenium.remote.W3CHandshakeResponse.lambda$new$0(W3CHandshakeResponse.java:57)
	at org.openqa.selenium.remote.W3CHandshakeResponse.lambda$getResponseFunction$2(W3CHandshakeResponse.java:104)
	at org.openqa.selenium.remote.ProtocolHandshake.lambda$createSession$0(ProtocolHandshake.java:122)
	at java.util.stream.ReferencePipeline$3$1.accept(ReferencePipeline.java:193)
	at java.util.Spliterators$ArraySpliterator.tryAdvance(Spliterators.java:958)
	at java.util.stream.ReferencePipeline.forEachWithCancel(ReferencePipeline.java:126)
	at java.util.stream.AbstractPipeline.copyIntoWithCancel(AbstractPipeline.java:498)
	at java.util.stream.AbstractPipeline.copyInto(AbstractPipeline.java:485)
	at java.util.stream.AbstractPipeline.wrapAndCopyInto(AbstractPipeline.java:471)
	at java.util.stream.FindOps$FindOp.evaluateSequential(FindOps.java:152)
	at java.util.stream.AbstractPipeline.evaluate(AbstractPipeline.java:234)
	at java.util.stream.ReferencePipeline.findFirst(ReferencePipeline.java:464)
	at org.openqa.selenium.remote.ProtocolHandshake.createSession(ProtocolHandshake.java:125)
	at org.openqa.selenium.remote.ProtocolHandshake.createSession(ProtocolHandshake.java:73)
	at org.openqa.selenium.remote.HttpCommandExecutor.execute(HttpCommandExecutor.java:136)
	at org.openqa.selenium.remote.service.DriverCommandExecutor.execute(DriverCommandExecutor.java:83)
	at org.openqa.selenium.remote.RemoteWebDriver.execute(RemoteWebDriver.java:548)
	at org.openqa.selenium.remote.RemoteWebDriver.startSession(RemoteWebDriver.java:212)
	at org.openqa.selenium.remote.RemoteWebDriver.&lt;init&gt;(RemoteWebDriver.java:130)
	at org.openqa.selenium.chrome.ChromeDriver.&lt;init&gt;(ChromeDriver.java:181)
	at org.openqa.selenium.chrome.ChromeDriver.&lt;init&gt;(ChromeDriver.java:168)
	at org.openqa.selenium.chrome.ChromeDriver.&lt;init&gt;(ChromeDriver.java:157)
	at com.Testcases.Testcase_001.BrowserSetUp(Testcase_001.java:37)
	at sun.reflect.NativeMethodAccessorImpl.invoke0(Native Method)
	at sun.reflect.NativeMethodAccessorImpl.invoke(NativeMethodAccessorImpl.java:62)
	at sun.reflect.DelegatingMethodAccessorImpl.invoke(DelegatingMethodAccessorImpl.java:43)
	at java.lang.reflect.Method.invoke(Method.java:498)
	at org.testng.internal.MethodInvocationHelper.invokeMethod(MethodInvocationHelper.java:124)
	at org.testng.internal.MethodInvocationHelper.invokeMethodConsideringTimeout(MethodInvocationHelper.java:59)
	at org.testng.internal.Invoker.invokeConfigurationMethod(Invoker.java:458)
	at org.testng.internal.Invoker.invokeConfigurations(Invoker.java:222)
	at org.testng.internal.Invoker.invokeMethod(Invoker.java:523)
	at org.testng.internal.Invoker.invokeTestMethod(Invoker.java:719)
	at org.testng.internal.Invoker.invokeTestMethods(Invoker.java:989)
	at org.testng.internal.TestMethodWorker.invokeTestMethods(TestMethodWorker.java:125)
	at org.testng.internal.TestMethodWorker.run(TestMethodWorker.java:109)
	at java.util.concurrent.ThreadPoolExecutor.runWorker(ThreadPoolExecutor.java:1149)
	at java.util.concurrent.ThreadPoolExecutor$Worker.run(ThreadPoolExecutor.java:624)
	at java.lang.Thread.run(Thread.java:748)
</div>
</div>
<p class="totop"><a href="#summary">back to summary</a></p>
<h2 id="m2">com.Testcases.Testcase_001:teardown</h2>
<p class="totop"><a href="#summary">back to summary</a></p>
<h2 id="m3">com.Testcases.Testcase_001:title</h2>
<div>
<div class="stacktrace">org.openqa.selenium.SessionNotCreatedException: session not created
from disconnected: received Inspector.detached event
  (Session info: chrome=79.0.3945.130)
Build info: version: &apos;3.14.0&apos;, revision: &apos;aacccce0&apos;, time: &apos;2018-08-02T20:19:58.91Z&apos;
System info: host: &apos;KAVITHA&apos;, ip: &apos;192.168.223.1&apos;, os.name: &apos;Windows 10&apos;, os.arch: &apos;amd64&apos;, os.version: &apos;10.0&apos;, java.version: &apos;1.8.0_161&apos;
Driver info: driver.version: ChromeDriver
remote stacktrace: Backtrace:
	Ordinal0 [0x0108A113+1548563]
	Ordinal0 [0x0100DDA1+1039777]
	Ordinal0 [0x00F8E485+517253]
	Ordinal0 [0x00F870CB+487627]
	Ordinal0 [0x00F86CE9+486633]
	Ordinal0 [0x00F865E8+484840]
	Ordinal0 [0x00F85D33+482611]
	Ordinal0 [0x00F85E75+482933]
	Ordinal0 [0x00F859B5+481717]
	Ordinal0 [0x00F8D1E5+512485]
	Ordinal0 [0x00F85968+481640]
	Ordinal0 [0x00F8628B+483979]
	Ordinal0 [0x00F85D33+482611]
	Ordinal0 [0x00F85E75+482933]
	Ordinal0 [0x00F859B5+481717]
	Ordinal0 [0x00F8BB0E+506638]
	Ordinal0 [0x00F85968+481640]
	Ordinal0 [0x00F8628B+483979]
	Ordinal0 [0x00F85D33+482611]
	Ordinal0 [0x00F85E75+482933]
	Ordinal0 [0x00F859B5+481717]
	Ordinal0 [0x00F8A37C+500604]
	Ordinal0 [0x00F85968+481640]
	Ordinal0 [0x00F8628B+483979]
	Ordinal0 [0x00F85D33+482611]
	Ordinal0 [0x00F85E75+482933]
	Ordinal0 [0x00F859B5+481717]
	Ordinal0 [0x00F89A17+498199]
	Ordinal0 [0x00F85968+481640]
	Ordinal0 [0x00F8628B+483979]
	Ordinal0 [0x00F85D33+482611]
	Ordinal0 [0x00F85E75+482933]
	Ordinal0 [0x00F859B5+481717]
	Ordinal0 [0x00F8256C+468332]
	Ordinal0 [0x00F85968+481640]
	Ordinal0 [0x00F85844+481348]
	Ordinal0 [0x00F8F0D0+520400]
	Ordinal0 [0x00F3C030+180272]
	Ordinal0 [0x00F3B59D+177565]
	Ordinal0 [0x00F395FB+169467]
	Ordinal0 [0x00F2160A+71178]
	Ordinal0 [0x00F22690+75408]
	Ordinal0 [0x00F22629+75305]
	Ordinal0 [0x010271B7+1143223]
	GetHandleVerifier [0x01122B46+507814]
	GetHandleVerifier [0x01122864+507076]
	GetHandleVerifier [0x01129F47+537511]
	GetHandleVerifier [0x01123402+510050]
	Ordinal0 [0x0101F29C+1110684]
	Ordinal0 [0x0102938B+1151883]
	Ordinal0 [0x010294F3+1152243]
	Ordinal0 [0x010283F5+1147893]
	BaseThreadInitThunk [0x74A86359+25]
	RtlGetAppContainerNamedObjectPath [0x77287B74+228]
	RtlGetAppContainerNamedObjectPath [0x77287B44+180]

	at sun.reflect.NativeConstructorAccessorImpl.newInstance0(Native Method)
	at sun.reflect.NativeConstructorAccessorImpl.newInstance(NativeConstructorAccessorImpl.java:62)
	at sun.reflect.DelegatingConstructorAccessorImpl.newInstance(DelegatingConstructorAccessorImpl.java:45)
	at java.lang.reflect.Constructor.newInstance(Constructor.java:423)
	at org.openqa.selenium.remote.W3CHandshakeResponse.lambda$new$0(W3CHandshakeResponse.java:57)
	at org.openqa.selenium.remote.W3CHandshakeResponse.lambda$getResponseFunction$2(W3CHandshakeResponse.java:104)
	at org.openqa.selenium.remote.ProtocolHandshake.lambda$createSession$0(ProtocolHandshake.java:122)
	at java.util.stream.ReferencePipeline$3$1.accept(ReferencePipeline.java:193)
	at java.util.Spliterators$ArraySpliterator.tryAdvance(Spliterators.java:958)
	at java.util.stream.ReferencePipeline.forEachWithCancel(ReferencePipeline.java:126)
	at java.util.stream.AbstractPipeline.copyIntoWithCancel(AbstractPipeline.java:498)
	at java.util.stream.AbstractPipeline.copyInto(AbstractPipeline.java:485)
	at java.util.stream.AbstractPipeline.wrapAndCopyInto(AbstractPipeline.java:471)
	at java.util.stream.FindOps$FindOp.evaluateSequential(FindOps.java:152)
	at java.util.stream.AbstractPipeline.evaluate(AbstractPipeline.java:234)
	at java.util.stream.ReferencePipeline.findFirst(ReferencePipeline.java:464)
	at org.openqa.selenium.remote.ProtocolHandshake.createSession(ProtocolHandshake.java:125)
	at org.openqa.selenium.remote.ProtocolHandshake.createSession(ProtocolHandshake.java:73)
	at org.openqa.selenium.remote.HttpCommandExecutor.execute(HttpCommandExecutor.java:136)
	at org.openqa.selenium.remote.service.DriverCommandExecutor.execute(DriverCommandExecutor.java:83)
	at org.openqa.selenium.remote.RemoteWebDriver.execute(RemoteWebDriver.java:548)
	at org.openqa.selenium.remote.RemoteWebDriver.startSession(RemoteWebDriver.java:212)
	at org.openqa.selenium.remote.RemoteWebDriver.&lt;init&gt;(RemoteWebDriver.java:130)
	at org.openqa.selenium.chrome.ChromeDriver.&lt;init&gt;(ChromeDriver.java:181)
	at org.openqa.selenium.chrome.ChromeDriver.&lt;init&gt;(ChromeDriver.java:168)
	at org.openqa.selenium.chrome.ChromeDriver.&lt;init&gt;(ChromeDriver.java:157)
	at com.Testcases.Testcase_001.BrowserSetUp(Testcase_001.java:37)
	at sun.reflect.NativeMethodAccessorImpl.invoke0(Native Method)
	at sun.reflect.NativeMethodAccessorImpl.invoke(NativeMethodAccessorImpl.java:62)
	at sun.reflect.DelegatingMethodAccessorImpl.invoke(DelegatingMethodAccessorImpl.java:43)
	at java.lang.reflect.Method.invoke(Method.java:498)
	at org.testng.internal.MethodInvocationHelper.invokeMethod(MethodInvocationHelper.java:124)
	at org.testng.internal.MethodInvocationHelper.invokeMethodConsideringTimeout(MethodInvocationHelper.java:59)
	at org.testng.internal.Invoker.invokeConfigurationMethod(Invoker.java:458)
	at org.testng.internal.Invoker.invokeConfigurations(Invoker.java:222)
	at org.testng.internal.Invoker.invokeMethod(Invoker.java:523)
	at org.testng.internal.Invoker.invokeTestMethod(Invoker.java:719)
	at org.testng.internal.Invoker.invokeTestMethods(Invoker.java:989)
	at org.testng.internal.TestMethodWorker.invokeTestMethods(TestMethodWorker.java:125)
	at org.testng.internal.TestMethodWorker.run(TestMethodWorker.java:109)
	at java.util.concurrent.ThreadPoolExecutor.runWorker(ThreadPoolExecutor.java:1149)
	at java.util.concurrent.ThreadPoolExecutor$Worker.run(ThreadPoolExecutor.java:624)
	at java.lang.Thread.run(Thread.java:748)
</div>
</div>
<p class="totop"><a href="#summary">back to summary</a></p>
<h2 id="m4">com.Testcases.Testcase_003:SelectDress</h2>
<p class="totop"><a href="#summary">back to summary</a></p>
<h2 id="m5">com.Testcases.Testcase_001:Contactus</h2>
<p class="totop"><a href="#summary">back to summary</a></p>
<h2 id="m6">com.Testcases.Testcase_001:scrolldownpage</h2>
<p class="totop"><a href="#summary">back to summary</a></p>
<h2 id="m7">com.Testcases.Testcase_003:SelectTshirtSize</h2>
<p class="totop"><a href="#summary">back to summary</a></p>
<h2 id="m8">com.Testcases.Testcase_001:pintlogo</h2>
<p class="totop"><a href="#summary">back to summary</a></p>
</body></html>
