<html>
<head>
<title>TestNG:  APPomMavenProject</title>
<link href="../testng.css" rel="stylesheet" type="text/css" />
<link href="../my-testng.css" rel="stylesheet" type="text/css" />

<style type="text/css">
.log { display: none;} 
.stack-trace { display: none;} 
</style>
<script type="text/javascript">
<!--
function flip(e) {
  current = e.style.display;
  if (current == 'block') {
    e.style.display = 'none';
    return 0;
  }
  else {
    e.style.display = 'block';
    return 1;
  }
}

function toggleBox(szDivId, elem, msg1, msg2)
{
  var res = -1;  if (document.getElementById) {
    res = flip(document.getElementById(szDivId));
  }
  else if (document.all) {
    // this is the way old msie versions work
    res = flip(document.all[szDivId]);
  }
  if(elem) {
    if(res == 0) elem.innerHTML = msg1; else elem.innerHTML = msg2;
  }

}

function toggleAllBoxes() {
  if (document.getElementsByTagName) {
    d = document.getElementsByTagName('div');
    for (i = 0; i < d.length; i++) {
      if (d[i].className == 'log') {
        flip(d[i]);
      }
    }
  }
}

// -->
</script>

</head>
<body>
<h2 align='center'>APPomMavenProject</h2><table border='1' align="center">
<tr>
<td>Tests passed/Failed/Skipped:</td><td>5/0/1</td>
</tr><tr>
<td>Started on:</td><td>Fri Feb 21 17:34:57 GMT 2020</td>
</tr>
<tr><td>Total time:</td><td>677 seconds (677024 ms)</td>
</tr><tr>
<td>Included groups:</td><td></td>
</tr><tr>
<td>Excluded groups:</td><td></td>
</tr>
</table><p/>
<small><i>(Hover the method name to see the test class name)</i></small><p/>
<table width='100%' border='1' class='invocation-failed'>
<tr><td colspan='4' align='center'><b>FAILED CONFIGURATIONS</b></td></tr>
<tr><td><b>Test method</b></td>
<td width="30%"><b>Exception</b></td>
<td width="10%"><b>Time (seconds)</b></td>
<td><b>Instance</b></td>
</tr>
<tr>
<td title='com.Testcases.Testcase_001.BrowserSetUp()'><b>BrowserSetUp</b><br>Test class: com.Testcases.Testcase_001</td>
<td><div><pre>org.openqa.selenium.SessionNotCreatedException: session not created
from disconnected: received Inspector.detached event
  (Session info: chrome=79.0.3945.130)
Build info: version: &apos;3.14.0&apos;, revision: &apos;aacccce0&apos;, time: &apos;2018-08-02T20:19:58.91Z&apos;
System info: host: &apos;KAVITHA&apos;, ip: &apos;192.168.223.1&apos;, os.name: &apos;Windows 10&apos;, os.arch: &apos;amd64&apos;, os.version: &apos;10.0&apos;, java.version: &apos;1.8.0_161&apos;
Driver info: driver.version: ChromeDriver
remote stacktrace: Backtrace:
	Ordinal0 [0x0108A113+1548563]
	Ordinal0 [0x0100DDA1+1039777]
	Ordinal0 [0x00F8E485+517253]
	Ordinal0 [0x00F870CB+487627]
	Ordinal0 [0x00F86CE9+486633]
	Ordinal0 [0x00F865E8+484840]
	Ordinal0 [0x00F85D33+482611]
	Ordinal0 [0x00F85E75+482933]
	Ordinal0 [0x00F859B5+481717]
	Ordinal0 [0x00F8D1E5+512485]
	Ordinal0 [0x00F85968+481640]
	Ordinal0 [0x00F8628B+483979]
	Ordinal0 [0x00F85D33+482611]
	Ordinal0 [0x00F85E75+482933]
	Ordinal0 [0x00F859B5+481717]
	Ordinal0 [0x00F8BB0E+506638]
	Ordinal0 [0x00F85968+481640]
	Ordinal0 [0x00F8628B+483979]
	Ordinal0 [0x00F85D33+482611]
	Ordinal0 [0x00F85E75+482933]
	Ordinal0 [0x00F859B5+481717]
	Ordinal0 [0x00F8A37C+500604]
	Ordinal0 [0x00F85968+481640]
	Ordinal0 [0x00F8628B+483979]
	Ordinal0 [0x00F85D33+482611]
	Ordinal0 [0x00F85E75+482933]
	Ordinal0 [0x00F859B5+481717]
	Ordinal0 [0x00F89A17+498199]
	Ordinal0 [0x00F85968+481640]
	Ordinal0 [0x00F8628B+483979]
	Ordinal0 [0x00F85D33+482611]
	Ordinal0 [0x00F85E75+482933]
	Ordinal0 [0x00F859B5+481717]
	Ordinal0 [0x00F8256C+468332]
	Ordinal0 [0x00F85968+481640]
	Ordinal0 [0x00F85844+481348]
	Ordinal0 [0x00F8F0D0+520400]
	Ordinal0 [0x00F3C030+180272]
	Ordinal0 [0x00F3B59D+177565]
	Ordinal0 [0x00F395FB+169467]
	Ordinal0 [0x00F2160A+71178]
	Ordinal0 [0x00F22690+75408]
	Ordinal0 [0x00F22629+75305]
	Ordinal0 [0x010271B7+1143223]
	GetHandleVerifier [0x01122B46+507814]
	GetHandleVerifier [0x01122864+507076]
	GetHandleVerifier [0x01129F47+537511]
	GetHandleVerifier [0x01123402+510050]
	Ordinal0 [0x0101F29C+1110684]
	Ordinal0 [0x0102938B+1151883]
	Ordinal0 [0x010294F3+1152243]
	Ordinal0 [0x010283F5+1147893]
	BaseThreadInitThunk [0x74A86359+25]
	RtlGetAppContainerNamedObjectPath [0x77287B74+228]
	RtlGetAppContainerNamedObjectPath [0x77287B44+180]

	at sun.reflect.NativeConstructorAccessorImpl.newInstance0(Native Method)
	at sun.reflect.NativeConstructorAccessorImpl.newInstance(NativeConstructorAccessorImpl.java:62)
	at sun.reflect.DelegatingConstructorAccessorImpl.newInstance(DelegatingConstructorAccessorImpl.java:45)
	at java.lang.reflect.Constructor.newInstance(Constructor.java:423)
	at org.openqa.selenium.remote.W3CHandshakeResponse.lambda$new$0(W3CHandshakeResponse.java:57)
	at org.openqa.selenium.remote.W3CHandshakeResponse.lambda$getResponseFunction$2(W3CHandshakeResponse.java:104)
	at org.openqa.selenium.remote.ProtocolHandshake.lambda$createSession$0(ProtocolHandshake.java:122)
	at java.util.stream.ReferencePipeline$3$1.accept(ReferencePipeline.java:193)
	at java.util.Spliterators$ArraySpliterator.tryAdvance(Spliterators.java:958)
	at java.util.stream.ReferencePipeline.forEachWithCancel(ReferencePipeline.java:126)
	at java.util.stream.AbstractPipeline.copyIntoWithCancel(AbstractPipeline.java:498)
	at java.util.stream.AbstractPipeline.copyInto(AbstractPipeline.java:485)
	at java.util.stream.AbstractPipeline.wrapAndCopyInto(AbstractPipeline.java:471)
	at java.util.stream.FindOps$FindOp.evaluateSequential(FindOps.java:152)
	at java.util.stream.AbstractPipeline.evaluate(AbstractPipeline.java:234)
	at java.util.stream.ReferencePipeline.findFirst(ReferencePipeline.java:464)
	at org.openqa.selenium.remote.ProtocolHandshake.createSession(ProtocolHandshake.java:125)
	at org.openqa.selenium.remote.ProtocolHandshake.createSession(ProtocolHandshake.java:73)
	at org.openqa.selenium.remote.HttpCommandExecutor.execute(HttpCommandExecutor.java:136)
	at org.openqa.selenium.remote.service.DriverCommandExecutor.execute(DriverCommandExecutor.java:83)
	at org.openqa.selenium.remote.RemoteWebDriver.execute(RemoteWebDriver.java:548)
	at org.openqa.selenium.remote.RemoteWebDriver.startSession(RemoteWebDriver.java:212)
	at org.openqa.selenium.remote.RemoteWebDriver.&lt;init&gt;(RemoteWebDriver.java:130)
	at org.openqa.selenium.chrome.ChromeDriver.&lt;init&gt;(ChromeDriver.java:181)
	at org.openqa.selenium.chrome.ChromeDriver.&lt;init&gt;(ChromeDriver.java:168)
	at org.openqa.selenium.chrome.ChromeDriver.&lt;init&gt;(ChromeDriver.java:157)
	at com.Testcases.Testcase_001.BrowserSetUp(Testcase_001.java:37)
	at sun.reflect.NativeMethodAccessorImpl.invoke0(Native Method)
	at sun.reflect.NativeMethodAccessorImpl.invoke(NativeMethodAccessorImpl.java:62)
	at sun.reflect.DelegatingMethodAccessorImpl.invoke(DelegatingMethodAccessorImpl.java:43)
	at java.lang.reflect.Method.invoke(Method.java:498)
	at org.testng.internal.MethodInvocationHelper.invokeMethod(MethodInvocationHelper.java:124)
	at org.testng.internal.MethodInvocationHelper.invokeMethodConsideringTimeout(MethodInvocationHelper.java:59)
	at org.testng.internal.Invoker.invokeConfigurationMethod(Invoker.java:458)
	at org.testng.internal.Invoker.invokeConfigurations(Invoker.java:222)
	at org.testng.internal.Invoker.invokeMethod(Invoker.java:523)
	at org.testng.internal.Invoker.invokeTestMethod(Invoker.java:719)
	at org.testng.internal.Invoker.invokeTestMethods(Invoker.java:989)
	at org.testng.internal.TestMethodWorker.invokeTestMethods(TestMethodWorker.java:125)
	at org.testng.internal.TestMethodWorker.run(TestMethodWorker.java:109)
	at java.util.concurrent.ThreadPoolExecutor.runWorker(ThreadPoolExecutor.java:1149)
	at java.util.concurrent.ThreadPoolExecutor$Worker.run(ThreadPoolExecutor.java:624)
	at java.lang.Thread.run(Thread.java:748)
</pre></div><a href='#' onClick='toggleBox("stack-trace1248712129", this, "Click to show all stack frames", "Click to hide stack frames")'>Click to show all stack frames</a>
<div class='stack-trace' id='stack-trace1248712129'><pre>org.openqa.selenium.SessionNotCreatedException: session not created
from disconnected: received Inspector.detached event
  (Session info: chrome=79.0.3945.130)
Build info: version: &apos;3.14.0&apos;, revision: &apos;aacccce0&apos;, time: &apos;2018-08-02T20:19:58.91Z&apos;
System info: host: &apos;KAVITHA&apos;, ip: &apos;192.168.223.1&apos;, os.name: &apos;Windows 10&apos;, os.arch: &apos;amd64&apos;, os.version: &apos;10.0&apos;, java.version: &apos;1.8.0_161&apos;
Driver info: driver.version: ChromeDriver
remote stacktrace: Backtrace:
	Ordinal0 [0x0108A113+1548563]
	Ordinal0 [0x0100DDA1+1039777]
	Ordinal0 [0x00F8E485+517253]
	Ordinal0 [0x00F870CB+487627]
	Ordinal0 [0x00F86CE9+486633]
	Ordinal0 [0x00F865E8+484840]
	Ordinal0 [0x00F85D33+482611]
	Ordinal0 [0x00F85E75+482933]
	Ordinal0 [0x00F859B5+481717]
	Ordinal0 [0x00F8D1E5+512485]
	Ordinal0 [0x00F85968+481640]
	Ordinal0 [0x00F8628B+483979]
	Ordinal0 [0x00F85D33+482611]
	Ordinal0 [0x00F85E75+482933]
	Ordinal0 [0x00F859B5+481717]
	Ordinal0 [0x00F8BB0E+506638]
	Ordinal0 [0x00F85968+481640]
	Ordinal0 [0x00F8628B+483979]
	Ordinal0 [0x00F85D33+482611]
	Ordinal0 [0x00F85E75+482933]
	Ordinal0 [0x00F859B5+481717]
	Ordinal0 [0x00F8A37C+500604]
	Ordinal0 [0x00F85968+481640]
	Ordinal0 [0x00F8628B+483979]
	Ordinal0 [0x00F85D33+482611]
	Ordinal0 [0x00F85E75+482933]
	Ordinal0 [0x00F859B5+481717]
	Ordinal0 [0x00F89A17+498199]
	Ordinal0 [0x00F85968+481640]
	Ordinal0 [0x00F8628B+483979]
	Ordinal0 [0x00F85D33+482611]
	Ordinal0 [0x00F85E75+482933]
	Ordinal0 [0x00F859B5+481717]
	Ordinal0 [0x00F8256C+468332]
	Ordinal0 [0x00F85968+481640]
	Ordinal0 [0x00F85844+481348]
	Ordinal0 [0x00F8F0D0+520400]
	Ordinal0 [0x00F3C030+180272]
	Ordinal0 [0x00F3B59D+177565]
	Ordinal0 [0x00F395FB+169467]
	Ordinal0 [0x00F2160A+71178]
	Ordinal0 [0x00F22690+75408]
	Ordinal0 [0x00F22629+75305]
	Ordinal0 [0x010271B7+1143223]
	GetHandleVerifier [0x01122B46+507814]
	GetHandleVerifier [0x01122864+507076]
	GetHandleVerifier [0x01129F47+537511]
	GetHandleVerifier [0x01123402+510050]
	Ordinal0 [0x0101F29C+1110684]
	Ordinal0 [0x0102938B+1151883]
	Ordinal0 [0x010294F3+1152243]
	Ordinal0 [0x010283F5+1147893]
	BaseThreadInitThunk [0x74A86359+25]
	RtlGetAppContainerNamedObjectPath [0x77287B74+228]
	RtlGetAppContainerNamedObjectPath [0x77287B44+180]

	at sun.reflect.NativeConstructorAccessorImpl.newInstance0(Native Method)
	at sun.reflect.NativeConstructorAccessorImpl.newInstance(NativeConstructorAccessorImpl.java:62)
	at sun.reflect.DelegatingConstructorAccessorImpl.newInstance(DelegatingConstructorAccessorImpl.java:45)
	at java.lang.reflect.Constructor.newInstance(Constructor.java:423)
	at org.openqa.selenium.remote.W3CHandshakeResponse.lambda$new$0(W3CHandshakeResponse.java:57)
	at org.openqa.selenium.remote.W3CHandshakeResponse.lambda$getResponseFunction$2(W3CHandshakeResponse.java:104)
	at org.openqa.selenium.remote.ProtocolHandshake.lambda$createSession$0(ProtocolHandshake.java:122)
	at java.util.stream.ReferencePipeline$3$1.accept(ReferencePipeline.java:193)
	at java.util.Spliterators$ArraySpliterator.tryAdvance(Spliterators.java:958)
	at java.util.stream.ReferencePipeline.forEachWithCancel(ReferencePipeline.java:126)
	at java.util.stream.AbstractPipeline.copyIntoWithCancel(AbstractPipeline.java:498)
	at java.util.stream.AbstractPipeline.copyInto(AbstractPipeline.java:485)
	at java.util.stream.AbstractPipeline.wrapAndCopyInto(AbstractPipeline.java:471)
	at java.util.stream.FindOps$FindOp.evaluateSequential(FindOps.java:152)
	at java.util.stream.AbstractPipeline.evaluate(AbstractPipeline.java:234)
	at java.util.stream.ReferencePipeline.findFirst(ReferencePipeline.java:464)
	at org.openqa.selenium.remote.ProtocolHandshake.createSession(ProtocolHandshake.java:125)
	at org.openqa.selenium.remote.ProtocolHandshake.createSession(ProtocolHandshake.java:73)
	at org.openqa.selenium.remote.HttpCommandExecutor.execute(HttpCommandExecutor.java:136)
	at org.openqa.selenium.remote.service.DriverCommandExecutor.execute(DriverCommandExecutor.java:83)
	at org.openqa.selenium.remote.RemoteWebDriver.execute(RemoteWebDriver.java:548)
	at org.openqa.selenium.remote.RemoteWebDriver.startSession(RemoteWebDriver.java:212)
	at org.openqa.selenium.remote.RemoteWebDriver.&lt;init&gt;(RemoteWebDriver.java:130)
	at org.openqa.selenium.chrome.ChromeDriver.&lt;init&gt;(ChromeDriver.java:181)
	at org.openqa.selenium.chrome.ChromeDriver.&lt;init&gt;(ChromeDriver.java:168)
	at org.openqa.selenium.chrome.ChromeDriver.&lt;init&gt;(ChromeDriver.java:157)
	at com.Testcases.Testcase_001.BrowserSetUp(Testcase_001.java:37)
	at sun.reflect.NativeMethodAccessorImpl.invoke0(Native Method)
	at sun.reflect.NativeMethodAccessorImpl.invoke(NativeMethodAccessorImpl.java:62)
	at sun.reflect.DelegatingMethodAccessorImpl.invoke(DelegatingMethodAccessorImpl.java:43)
	at java.lang.reflect.Method.invoke(Method.java:498)
	at org.testng.internal.MethodInvocationHelper.invokeMethod(MethodInvocationHelper.java:124)
	at org.testng.internal.MethodInvocationHelper.invokeMethodConsideringTimeout(MethodInvocationHelper.java:59)
	at org.testng.internal.Invoker.invokeConfigurationMethod(Invoker.java:458)
	at org.testng.internal.Invoker.invokeConfigurations(Invoker.java:222)
	at org.testng.internal.Invoker.invokeMethod(Invoker.java:523)
	at org.testng.internal.Invoker.invokeTestMethod(Invoker.java:719)
	at org.testng.internal.Invoker.invokeTestMethods(Invoker.java:989)
	at org.testng.internal.TestMethodWorker.invokeTestMethods(TestMethodWorker.java:125)
	at org.testng.internal.TestMethodWorker.run(TestMethodWorker.java:109)
	at java.util.concurrent.ThreadPoolExecutor.runWorker(ThreadPoolExecutor.java:1149)
	at java.util.concurrent.ThreadPoolExecutor$Worker.run(ThreadPoolExecutor.java:624)
	at java.lang.Thread.run(Thread.java:748)
</pre></div></td>
<td>52</td>
<td>com.Testcases.Testcase_001@3d24753a</td></tr>
</table><p>
<table width='100%' border='1' class='invocation-skipped'>
<tr><td colspan='4' align='center'><b>SKIPPED CONFIGURATIONS</b></td></tr>
<tr><td><b>Test method</b></td>
<td width="30%"><b>Exception</b></td>
<td width="10%"><b>Time (seconds)</b></td>
<td><b>Instance</b></td>
</tr>
<tr>
<td title='com.Testcases.Testcase_001.teardown()'><b>teardown</b><br>Test class: com.Testcases.Testcase_001</td>
<td></td>
<td>0</td>
<td>com.Testcases.Testcase_001@3d24753a</td></tr>
</table><p>
<table width='100%' border='1' class='invocation-passed'>
<tr><td colspan='4' align='center'><b>PASSED TESTS</b></td></tr>
<tr><td><b>Test method</b></td>
<td width="30%"><b>Exception</b></td>
<td width="10%"><b>Time (seconds)</b></td>
<td><b>Instance</b></td>
</tr>
<tr>
<td title='com.Testcases.Testcase_001.Contactus()'><b>Contactus</b><br>Test class: com.Testcases.Testcase_001</td>
<td></td>
<td>48</td>
<td>com.Testcases.Testcase_001@3d24753a</td></tr>
<tr>
<td title='com.Testcases.Testcase_003.SelectDress()'><b>SelectDress</b><br>Test class: com.Testcases.Testcase_003</td>
<td></td>
<td>32</td>
<td>com.Testcases.Testcase_003@7e0ea639</td></tr>
<tr>
<td title='com.Testcases.Testcase_003.SelectTshirtSize()'><b>SelectTshirtSize</b><br>Test class: com.Testcases.Testcase_003</td>
<td></td>
<td>23</td>
<td>com.Testcases.Testcase_003@7e0ea639</td></tr>
<tr>
<td title='com.Testcases.Testcase_001.pintlogo()'><b>pintlogo</b><br>Test class: com.Testcases.Testcase_001</td>
<td></td>
<td>8</td>
<td>com.Testcases.Testcase_001@3d24753a</td></tr>
<tr>
<td title='com.Testcases.Testcase_001.scrolldownpage()'><b>scrolldownpage</b><br>Test class: com.Testcases.Testcase_001</td>
<td></td>
<td>55</td>
<td>com.Testcases.Testcase_001@3d24753a</td></tr>
</table><p>
<table width='100%' border='1' class='invocation-skipped'>
<tr><td colspan='4' align='center'><b>SKIPPED TESTS</b></td></tr>
<tr><td><b>Test method</b></td>
<td width="30%"><b>Exception</b></td>
<td width="10%"><b>Time (seconds)</b></td>
<td><b>Instance</b></td>
</tr>
<tr>
<td title='com.Testcases.Testcase_001.title()'><b>title</b><br>Test class: com.Testcases.Testcase_001</td>
<td><div><pre>org.openqa.selenium.SessionNotCreatedException: session not created
from disconnected: received Inspector.detached event
  (Session info: chrome=79.0.3945.130)
Build info: version: &apos;3.14.0&apos;, revision: &apos;aacccce0&apos;, time: &apos;2018-08-02T20:19:58.91Z&apos;
System info: host: &apos;KAVITHA&apos;, ip: &apos;192.168.223.1&apos;, os.name: &apos;Windows 10&apos;, os.arch: &apos;amd64&apos;, os.version: &apos;10.0&apos;, java.version: &apos;1.8.0_161&apos;
Driver info: driver.version: ChromeDriver
remote stacktrace: Backtrace:
	Ordinal0 [0x0108A113+1548563]
	Ordinal0 [0x0100DDA1+1039777]
	Ordinal0 [0x00F8E485+517253]
	Ordinal0 [0x00F870CB+487627]
	Ordinal0 [0x00F86CE9+486633]
	Ordinal0 [0x00F865E8+484840]
	Ordinal0 [0x00F85D33+482611]
	Ordinal0 [0x00F85E75+482933]
	Ordinal0 [0x00F859B5+481717]
	Ordinal0 [0x00F8D1E5+512485]
	Ordinal0 [0x00F85968+481640]
	Ordinal0 [0x00F8628B+483979]
	Ordinal0 [0x00F85D33+482611]
	Ordinal0 [0x00F85E75+482933]
	Ordinal0 [0x00F859B5+481717]
	Ordinal0 [0x00F8BB0E+506638]
	Ordinal0 [0x00F85968+481640]
	Ordinal0 [0x00F8628B+483979]
	Ordinal0 [0x00F85D33+482611]
	Ordinal0 [0x00F85E75+482933]
	Ordinal0 [0x00F859B5+481717]
	Ordinal0 [0x00F8A37C+500604]
	Ordinal0 [0x00F85968+481640]
	Ordinal0 [0x00F8628B+483979]
	Ordinal0 [0x00F85D33+482611]
	Ordinal0 [0x00F85E75+482933]
	Ordinal0 [0x00F859B5+481717]
	Ordinal0 [0x00F89A17+498199]
	Ordinal0 [0x00F85968+481640]
	Ordinal0 [0x00F8628B+483979]
	Ordinal0 [0x00F85D33+482611]
	Ordinal0 [0x00F85E75+482933]
	Ordinal0 [0x00F859B5+481717]
	Ordinal0 [0x00F8256C+468332]
	Ordinal0 [0x00F85968+481640]
	Ordinal0 [0x00F85844+481348]
	Ordinal0 [0x00F8F0D0+520400]
	Ordinal0 [0x00F3C030+180272]
	Ordinal0 [0x00F3B59D+177565]
	Ordinal0 [0x00F395FB+169467]
	Ordinal0 [0x00F2160A+71178]
	Ordinal0 [0x00F22690+75408]
	Ordinal0 [0x00F22629+75305]
	Ordinal0 [0x010271B7+1143223]
	GetHandleVerifier [0x01122B46+507814]
	GetHandleVerifier [0x01122864+507076]
	GetHandleVerifier [0x01129F47+537511]
	GetHandleVerifier [0x01123402+510050]
	Ordinal0 [0x0101F29C+1110684]
	Ordinal0 [0x0102938B+1151883]
	Ordinal0 [0x010294F3+1152243]
	Ordinal0 [0x010283F5+1147893]
	BaseThreadInitThunk [0x74A86359+25]
	RtlGetAppContainerNamedObjectPath [0x77287B74+228]
	RtlGetAppContainerNamedObjectPath [0x77287B44+180]

	at sun.reflect.NativeConstructorAccessorImpl.newInstance0(Native Method)
	at sun.reflect.NativeConstructorAccessorImpl.newInstance(NativeConstructorAccessorImpl.java:62)
	at sun.reflect.DelegatingConstructorAccessorImpl.newInstance(DelegatingConstructorAccessorImpl.java:45)
	at java.lang.reflect.Constructor.newInstance(Constructor.java:423)
	at org.openqa.selenium.remote.W3CHandshakeResponse.lambda$new$0(W3CHandshakeResponse.java:57)
	at org.openqa.selenium.remote.W3CHandshakeResponse.lambda$getResponseFunction$2(W3CHandshakeResponse.java:104)
	at org.openqa.selenium.remote.ProtocolHandshake.lambda$createSession$0(ProtocolHandshake.java:122)
	at java.util.stream.ReferencePipeline$3$1.accept(ReferencePipeline.java:193)
	at java.util.Spliterators$ArraySpliterator.tryAdvance(Spliterators.java:958)
	at java.util.stream.ReferencePipeline.forEachWithCancel(ReferencePipeline.java:126)
	at java.util.stream.AbstractPipeline.copyIntoWithCancel(AbstractPipeline.java:498)
	at java.util.stream.AbstractPipeline.copyInto(AbstractPipeline.java:485)
	at java.util.stream.AbstractPipeline.wrapAndCopyInto(AbstractPipeline.java:471)
	at java.util.stream.FindOps$FindOp.evaluateSequential(FindOps.java:152)
	at java.util.stream.AbstractPipeline.evaluate(AbstractPipeline.java:234)
	at java.util.stream.ReferencePipeline.findFirst(ReferencePipeline.java:464)
	at org.openqa.selenium.remote.ProtocolHandshake.createSession(ProtocolHandshake.java:125)
	at org.openqa.selenium.remote.ProtocolHandshake.createSession(ProtocolHandshake.java:73)
	at org.openqa.selenium.remote.HttpCommandExecutor.execute(HttpCommandExecutor.java:136)
	at org.openqa.selenium.remote.service.DriverCommandExecutor.execute(DriverCommandExecutor.java:83)
	at org.openqa.selenium.remote.RemoteWebDriver.execute(RemoteWebDriver.java:548)
	at org.openqa.selenium.remote.RemoteWebDriver.startSession(RemoteWebDriver.java:212)
	at org.openqa.selenium.remote.RemoteWebDriver.&lt;init&gt;(RemoteWebDriver.java:130)
	at org.openqa.selenium.chrome.ChromeDriver.&lt;init&gt;(ChromeDriver.java:181)
	at org.openqa.selenium.chrome.ChromeDriver.&lt;init&gt;(ChromeDriver.java:168)
	at org.openqa.selenium.chrome.ChromeDriver.&lt;init&gt;(ChromeDriver.java:157)
	at com.Testcases.Testcase_001.BrowserSetUp(Testcase_001.java:37)
	at sun.reflect.NativeMethodAccessorImpl.invoke0(Native Method)
	at sun.reflect.NativeMethodAccessorImpl.invoke(NativeMethodAccessorImpl.java:62)
	at sun.reflect.DelegatingMethodAccessorImpl.invoke(DelegatingMethodAccessorImpl.java:43)
	at java.lang.reflect.Method.invoke(Method.java:498)
	at org.testng.internal.MethodInvocationHelper.invokeMethod(MethodInvocationHelper.java:124)
	at org.testng.internal.MethodInvocationHelper.invokeMethodConsideringTimeout(MethodInvocationHelper.java:59)
	at org.testng.internal.Invoker.invokeConfigurationMethod(Invoker.java:458)
	at org.testng.internal.Invoker.invokeConfigurations(Invoker.java:222)
	at org.testng.internal.Invoker.invokeMethod(Invoker.java:523)
	at org.testng.internal.Invoker.invokeTestMethod(Invoker.java:719)
	at org.testng.internal.Invoker.invokeTestMethods(Invoker.java:989)
	at org.testng.internal.TestMethodWorker.invokeTestMethods(TestMethodWorker.java:125)
	at org.testng.internal.TestMethodWorker.run(TestMethodWorker.java:109)
	at java.util.concurrent.ThreadPoolExecutor.runWorker(ThreadPoolExecutor.java:1149)
	at java.util.concurrent.ThreadPoolExecutor$Worker.run(ThreadPoolExecutor.java:624)
	at java.lang.Thread.run(Thread.java:748)
</pre></div><a href='#' onClick='toggleBox("stack-trace1614276965", this, "Click to show all stack frames", "Click to hide stack frames")'>Click to show all stack frames</a>
<div class='stack-trace' id='stack-trace1614276965'><pre>org.openqa.selenium.SessionNotCreatedException: session not created
from disconnected: received Inspector.detached event
  (Session info: chrome=79.0.3945.130)
Build info: version: &apos;3.14.0&apos;, revision: &apos;aacccce0&apos;, time: &apos;2018-08-02T20:19:58.91Z&apos;
System info: host: &apos;KAVITHA&apos;, ip: &apos;192.168.223.1&apos;, os.name: &apos;Windows 10&apos;, os.arch: &apos;amd64&apos;, os.version: &apos;10.0&apos;, java.version: &apos;1.8.0_161&apos;
Driver info: driver.version: ChromeDriver
remote stacktrace: Backtrace:
	Ordinal0 [0x0108A113+1548563]
	Ordinal0 [0x0100DDA1+1039777]
	Ordinal0 [0x00F8E485+517253]
	Ordinal0 [0x00F870CB+487627]
	Ordinal0 [0x00F86CE9+486633]
	Ordinal0 [0x00F865E8+484840]
	Ordinal0 [0x00F85D33+482611]
	Ordinal0 [0x00F85E75+482933]
	Ordinal0 [0x00F859B5+481717]
	Ordinal0 [0x00F8D1E5+512485]
	Ordinal0 [0x00F85968+481640]
	Ordinal0 [0x00F8628B+483979]
	Ordinal0 [0x00F85D33+482611]
	Ordinal0 [0x00F85E75+482933]
	Ordinal0 [0x00F859B5+481717]
	Ordinal0 [0x00F8BB0E+506638]
	Ordinal0 [0x00F85968+481640]
	Ordinal0 [0x00F8628B+483979]
	Ordinal0 [0x00F85D33+482611]
	Ordinal0 [0x00F85E75+482933]
	Ordinal0 [0x00F859B5+481717]
	Ordinal0 [0x00F8A37C+500604]
	Ordinal0 [0x00F85968+481640]
	Ordinal0 [0x00F8628B+483979]
	Ordinal0 [0x00F85D33+482611]
	Ordinal0 [0x00F85E75+482933]
	Ordinal0 [0x00F859B5+481717]
	Ordinal0 [0x00F89A17+498199]
	Ordinal0 [0x00F85968+481640]
	Ordinal0 [0x00F8628B+483979]
	Ordinal0 [0x00F85D33+482611]
	Ordinal0 [0x00F85E75+482933]
	Ordinal0 [0x00F859B5+481717]
	Ordinal0 [0x00F8256C+468332]
	Ordinal0 [0x00F85968+481640]
	Ordinal0 [0x00F85844+481348]
	Ordinal0 [0x00F8F0D0+520400]
	Ordinal0 [0x00F3C030+180272]
	Ordinal0 [0x00F3B59D+177565]
	Ordinal0 [0x00F395FB+169467]
	Ordinal0 [0x00F2160A+71178]
	Ordinal0 [0x00F22690+75408]
	Ordinal0 [0x00F22629+75305]
	Ordinal0 [0x010271B7+1143223]
	GetHandleVerifier [0x01122B46+507814]
	GetHandleVerifier [0x01122864+507076]
	GetHandleVerifier [0x01129F47+537511]
	GetHandleVerifier [0x01123402+510050]
	Ordinal0 [0x0101F29C+1110684]
	Ordinal0 [0x0102938B+1151883]
	Ordinal0 [0x010294F3+1152243]
	Ordinal0 [0x010283F5+1147893]
	BaseThreadInitThunk [0x74A86359+25]
	RtlGetAppContainerNamedObjectPath [0x77287B74+228]
	RtlGetAppContainerNamedObjectPath [0x77287B44+180]

	at sun.reflect.NativeConstructorAccessorImpl.newInstance0(Native Method)
	at sun.reflect.NativeConstructorAccessorImpl.newInstance(NativeConstructorAccessorImpl.java:62)
	at sun.reflect.DelegatingConstructorAccessorImpl.newInstance(DelegatingConstructorAccessorImpl.java:45)
	at java.lang.reflect.Constructor.newInstance(Constructor.java:423)
	at org.openqa.selenium.remote.W3CHandshakeResponse.lambda$new$0(W3CHandshakeResponse.java:57)
	at org.openqa.selenium.remote.W3CHandshakeResponse.lambda$getResponseFunction$2(W3CHandshakeResponse.java:104)
	at org.openqa.selenium.remote.ProtocolHandshake.lambda$createSession$0(ProtocolHandshake.java:122)
	at java.util.stream.ReferencePipeline$3$1.accept(ReferencePipeline.java:193)
	at java.util.Spliterators$ArraySpliterator.tryAdvance(Spliterators.java:958)
	at java.util.stream.ReferencePipeline.forEachWithCancel(ReferencePipeline.java:126)
	at java.util.stream.AbstractPipeline.copyIntoWithCancel(AbstractPipeline.java:498)
	at java.util.stream.AbstractPipeline.copyInto(AbstractPipeline.java:485)
	at java.util.stream.AbstractPipeline.wrapAndCopyInto(AbstractPipeline.java:471)
	at java.util.stream.FindOps$FindOp.evaluateSequential(FindOps.java:152)
	at java.util.stream.AbstractPipeline.evaluate(AbstractPipeline.java:234)
	at java.util.stream.ReferencePipeline.findFirst(ReferencePipeline.java:464)
	at org.openqa.selenium.remote.ProtocolHandshake.createSession(ProtocolHandshake.java:125)
	at org.openqa.selenium.remote.ProtocolHandshake.createSession(ProtocolHandshake.java:73)
	at org.openqa.selenium.remote.HttpCommandExecutor.execute(HttpCommandExecutor.java:136)
	at org.openqa.selenium.remote.service.DriverCommandExecutor.execute(DriverCommandExecutor.java:83)
	at org.openqa.selenium.remote.RemoteWebDriver.execute(RemoteWebDriver.java:548)
	at org.openqa.selenium.remote.RemoteWebDriver.startSession(RemoteWebDriver.java:212)
	at org.openqa.selenium.remote.RemoteWebDriver.&lt;init&gt;(RemoteWebDriver.java:130)
	at org.openqa.selenium.chrome.ChromeDriver.&lt;init&gt;(ChromeDriver.java:181)
	at org.openqa.selenium.chrome.ChromeDriver.&lt;init&gt;(ChromeDriver.java:168)
	at org.openqa.selenium.chrome.ChromeDriver.&lt;init&gt;(ChromeDriver.java:157)
	at com.Testcases.Testcase_001.BrowserSetUp(Testcase_001.java:37)
	at sun.reflect.NativeMethodAccessorImpl.invoke0(Native Method)
	at sun.reflect.NativeMethodAccessorImpl.invoke(NativeMethodAccessorImpl.java:62)
	at sun.reflect.DelegatingMethodAccessorImpl.invoke(DelegatingMethodAccessorImpl.java:43)
	at java.lang.reflect.Method.invoke(Method.java:498)
	at org.testng.internal.MethodInvocationHelper.invokeMethod(MethodInvocationHelper.java:124)
	at org.testng.internal.MethodInvocationHelper.invokeMethodConsideringTimeout(MethodInvocationHelper.java:59)
	at org.testng.internal.Invoker.invokeConfigurationMethod(Invoker.java:458)
	at org.testng.internal.Invoker.invokeConfigurations(Invoker.java:222)
	at org.testng.internal.Invoker.invokeMethod(Invoker.java:523)
	at org.testng.internal.Invoker.invokeTestMethod(Invoker.java:719)
	at org.testng.internal.Invoker.invokeTestMethods(Invoker.java:989)
	at org.testng.internal.TestMethodWorker.invokeTestMethods(TestMethodWorker.java:125)
	at org.testng.internal.TestMethodWorker.run(TestMethodWorker.java:109)
	at java.util.concurrent.ThreadPoolExecutor.runWorker(ThreadPoolExecutor.java:1149)
	at java.util.concurrent.ThreadPoolExecutor$Worker.run(ThreadPoolExecutor.java:624)
	at java.lang.Thread.run(Thread.java:748)
</pre></div></td>
<td>0</td>
<td>com.Testcases.Testcase_001@3d24753a</td></tr>
</table><p>
</body>
</html>